<?xml version="1.0" encoding="UTF-8"?>
<testng-results skipped="0" failed="0" ignored="0" total="1" passed="1">
  <reporter-output>
  </reporter-output>
  <suite name="Default suite" duration-ms="8610" started-at="2020-01-06T07:15:28Z" finished-at="2020-01-06T07:15:37Z">
    <groups>
    </groups>
    <test name="Default test" duration-ms="8610" started-at="2020-01-06T07:15:28Z" finished-at="2020-01-06T07:15:37Z">
      <class name="test.SeleniumTests.GoogleTest">
        <test-method status="PASS" signature="setUp()[pri:0, instance:test.SeleniumTests.GoogleTest@39aeed2f]" name="setUp" is-config="true" duration-ms="6448" started-at="2020-01-06T07:15:28Z" finished-at="2020-01-06T07:15:35Z">
          <reporter-output>
          </reporter-output>
        </test-method> <!-- setUp -->
        <test-method status="PASS" signature="googlePageTitle_Test()[pri:0, instance:test.SeleniumTests.GoogleTest@39aeed2f]" name="googlePageTitle_Test" duration-ms="18" started-at="2020-01-06T07:15:35Z" finished-at="2020-01-06T07:15:35Z">
          <reporter-output>
          </reporter-output>
        </test-method> <!-- googlePageTitle_Test -->
        <test-method status="PASS" signature="tearDown()[pri:0, instance:test.SeleniumTests.GoogleTest@39aeed2f]" name="tearDown" is-config="true" duration-ms="2118" started-at="2020-01-06T07:15:35Z" finished-at="2020-01-06T07:15:37Z">
          <reporter-output>
          </reporter-output>
        </test-method> <!-- tearDown -->
      </class> <!-- test.SeleniumTests.GoogleTest -->
    </test> <!-- Default test -->
  </suite> <!-- Default suite -->
</testng-results>
